<?xml version="1.0" encoding="UTF-8"?>
<testng-results skipped="0" failed="0" ignored="0" total="1" passed="1">
  <reporter-output>
  </reporter-output>
  <suite name="Suite" duration-ms="6534" started-at="2018-08-08T14:56:44Z" finished-at="2018-08-08T14:56:50Z">
    <groups>
    </groups>
    <test name="Test" duration-ms="6534" started-at="2018-08-08T14:56:44Z" finished-at="2018-08-08T14:56:50Z">
      <class name="com.selenium.screenShot.TestLoginScreenShot">
        <test-method status="PASS" signature="beforeSuite()[pri:0, instance:com.selenium.screenShot.TestLoginScreenShot@1e7c7811]" name="beforeSuite" is-config="true" duration-ms="549" started-at="2018-08-08T14:56:43Z" finished-at="2018-08-08T14:56:44Z">
          <reporter-output>
          </reporter-output>
        </test-method> <!-- beforeSuite -->
        <test-method status="PASS" signature="beforeMethod()[pri:0, instance:com.selenium.screenShot.TestLoginScreenShot@1e7c7811]" name="beforeMethod" is-config="true" duration-ms="2664" started-at="2018-08-08T14:56:44Z" finished-at="2018-08-08T14:56:46Z">
          <reporter-output>
          </reporter-output>
        </test-method> <!-- beforeMethod -->
        <test-method status="PASS" signature="test()[pri:0, instance:com.selenium.screenShot.TestLoginScreenShot@1e7c7811]" name="test" duration-ms="3682" started-at="2018-08-08T14:56:46Z" finished-at="2018-08-08T14:56:50Z">
          <reporter-output>
          </reporter-output>
        </test-method> <!-- test -->
        <test-method status="PASS" signature="afterMethod()[pri:0, instance:com.selenium.screenShot.TestLoginScreenShot@1e7c7811]" name="afterMethod" is-config="true" duration-ms="175" started-at="2018-08-08T14:56:50Z" finished-at="2018-08-08T14:56:50Z">
          <reporter-output>
          </reporter-output>
        </test-method> <!-- afterMethod -->
        <test-method status="PASS" signature="afterSuite()[pri:0, instance:com.selenium.screenShot.TestLoginScreenShot@1e7c7811]" name="afterSuite" is-config="true" duration-ms="51" started-at="2018-08-08T14:56:50Z" finished-at="2018-08-08T14:56:50Z">
          <reporter-output>
          </reporter-output>
        </test-method> <!-- afterSuite -->
      </class> <!-- com.selenium.screenShot.TestLoginScreenShot -->
    </test> <!-- Test -->
  </suite> <!-- Suite -->
</testng-results>
